[0.543s] DEBUG:colcon:Command line arguments: ['/usr/bin/colcon', 'list', '-p', '--base-paths', '/home/yakir/nimbus_library_ws/NEW_ROS2/Nimbus.Library.Components.ROS2/rover-mini-driver/docker']
[0.543s] DEBUG:colcon:Parsed command line arguments: Namespace(allow_overriding=[], base_paths=['/home/yakir/nimbus_library_ws/NEW_ROS2/Nimbus.Library.Components.ROS2/rover-mini-driver/docker'], build_base='build', ignore_user_meta=False, log_base=None, log_level=None, main=<bound method ListVerb.main of <colcon_package_information.verb.list.ListVerb object at 0x7f1a35a6cb20>>, metas=['./colcon.meta'], names_only=False, packages_above=None, packages_above_and_dependencies=None, packages_above_depth=None, packages_end=None, packages_ignore=None, packages_ignore_regex=None, packages_select=None, packages_select_build_failed=False, packages_select_by_dep=None, packages_select_regex=None, packages_select_test_failures=False, packages_skip=None, packages_skip_build_finished=False, packages_skip_by_dep=None, packages_skip_regex=None, packages_skip_test_passed=False, packages_skip_up_to=None, packages_start=None, packages_up_to=None, packages_up_to_regex=None, paths=None, paths_only=True, topological_graph=False, topological_graph_density=False, topological_graph_dot=False, topological_graph_dot_cluster=False, topological_graph_dot_include_skipped=False, topological_graph_legend=False, topological_order=False, verb_extension=<colcon_package_information.verb.list.ListVerb object at 0x7f1a35a6cb20>, verb_name='list', verb_parser=<colcon_defaults.argument_parser.defaults.DefaultArgumentsDecorator object at 0x7f1a359c2430>)
[0.596s] Level 1:colcon.colcon_core.package_discovery:discover_packages(colcon_meta) check parameters
[0.596s] Level 1:colcon.colcon_core.package_discovery:discover_packages(recursive) check parameters
[0.596s] Level 1:colcon.colcon_core.package_discovery:discover_packages(ignore) check parameters
[0.596s] Level 1:colcon.colcon_core.package_discovery:discover_packages(path) check parameters
[0.596s] Level 1:colcon.colcon_core.package_discovery:discover_packages(recursive) discover
[0.596s] INFO:colcon.colcon_core.package_discovery:Crawling recursively for packages in '/home/yakir/nimbus_library_ws/NEW_ROS2/Nimbus.Library.Components.ROS2/rover-mini-driver/docker'
[0.597s] Level 1:colcon.colcon_core.package_identification:_identify(/home/yakir/nimbus_library_ws/NEW_ROS2/Nimbus.Library.Components.ROS2/rover-mini-driver/docker) by extensions ['ignore', 'ignore_ament_install']
[0.597s] Level 1:colcon.colcon_core.package_identification:_identify(/home/yakir/nimbus_library_ws/NEW_ROS2/Nimbus.Library.Components.ROS2/rover-mini-driver/docker) by extension 'ignore'
[0.597s] Level 1:colcon.colcon_core.package_identification:_identify(/home/yakir/nimbus_library_ws/NEW_ROS2/Nimbus.Library.Components.ROS2/rover-mini-driver/docker) by extension 'ignore_ament_install'
[0.597s] Level 1:colcon.colcon_core.package_identification:_identify(/home/yakir/nimbus_library_ws/NEW_ROS2/Nimbus.Library.Components.ROS2/rover-mini-driver/docker) by extensions ['colcon_pkg']
[0.597s] Level 1:colcon.colcon_core.package_identification:_identify(/home/yakir/nimbus_library_ws/NEW_ROS2/Nimbus.Library.Components.ROS2/rover-mini-driver/docker) by extension 'colcon_pkg'
[0.597s] Level 1:colcon.colcon_core.package_identification:_identify(/home/yakir/nimbus_library_ws/NEW_ROS2/Nimbus.Library.Components.ROS2/rover-mini-driver/docker) by extensions ['colcon_meta']
[0.597s] Level 1:colcon.colcon_core.package_identification:_identify(/home/yakir/nimbus_library_ws/NEW_ROS2/Nimbus.Library.Components.ROS2/rover-mini-driver/docker) by extension 'colcon_meta'
[0.597s] Level 1:colcon.colcon_core.package_identification:_identify(/home/yakir/nimbus_library_ws/NEW_ROS2/Nimbus.Library.Components.ROS2/rover-mini-driver/docker) by extensions ['ros']
[0.597s] Level 1:colcon.colcon_core.package_identification:_identify(/home/yakir/nimbus_library_ws/NEW_ROS2/Nimbus.Library.Components.ROS2/rover-mini-driver/docker) by extension 'ros'
[0.610s] Level 1:colcon.colcon_core.package_identification:_identify(/home/yakir/nimbus_library_ws/NEW_ROS2/Nimbus.Library.Components.ROS2/rover-mini-driver/docker) by extensions ['cmake', 'python']
[0.610s] Level 1:colcon.colcon_core.package_identification:_identify(/home/yakir/nimbus_library_ws/NEW_ROS2/Nimbus.Library.Components.ROS2/rover-mini-driver/docker) by extension 'cmake'
[0.610s] Level 1:colcon.colcon_core.package_identification:_identify(/home/yakir/nimbus_library_ws/NEW_ROS2/Nimbus.Library.Components.ROS2/rover-mini-driver/docker) by extension 'python'
[0.610s] Level 1:colcon.colcon_core.package_identification:_identify(/home/yakir/nimbus_library_ws/NEW_ROS2/Nimbus.Library.Components.ROS2/rover-mini-driver/docker) by extensions ['python_setup_py']
[0.610s] Level 1:colcon.colcon_core.package_identification:_identify(/home/yakir/nimbus_library_ws/NEW_ROS2/Nimbus.Library.Components.ROS2/rover-mini-driver/docker) by extension 'python_setup_py'
[0.610s] Level 1:colcon.colcon_core.package_identification:_identify(/home/yakir/nimbus_library_ws/NEW_ROS2/Nimbus.Library.Components.ROS2/rover-mini-driver/docker/log) by extensions ['ignore', 'ignore_ament_install']
[0.610s] Level 1:colcon.colcon_core.package_identification:_identify(/home/yakir/nimbus_library_ws/NEW_ROS2/Nimbus.Library.Components.ROS2/rover-mini-driver/docker/log) by extension 'ignore'
[0.610s] Level 1:colcon.colcon_core.package_identification:_identify(/home/yakir/nimbus_library_ws/NEW_ROS2/Nimbus.Library.Components.ROS2/rover-mini-driver/docker/log) ignored
[0.611s] Level 1:colcon.colcon_core.package_identification:_identify(/home/yakir/nimbus_library_ws/NEW_ROS2/Nimbus.Library.Components.ROS2/rover-mini-driver/docker/src) by extensions ['ignore', 'ignore_ament_install']
[0.611s] Level 1:colcon.colcon_core.package_identification:_identify(/home/yakir/nimbus_library_ws/NEW_ROS2/Nimbus.Library.Components.ROS2/rover-mini-driver/docker/src) by extension 'ignore'
[0.611s] Level 1:colcon.colcon_core.package_identification:_identify(/home/yakir/nimbus_library_ws/NEW_ROS2/Nimbus.Library.Components.ROS2/rover-mini-driver/docker/src) by extension 'ignore_ament_install'
[0.611s] Level 1:colcon.colcon_core.package_identification:_identify(/home/yakir/nimbus_library_ws/NEW_ROS2/Nimbus.Library.Components.ROS2/rover-mini-driver/docker/src) by extensions ['colcon_pkg']
[0.611s] Level 1:colcon.colcon_core.package_identification:_identify(/home/yakir/nimbus_library_ws/NEW_ROS2/Nimbus.Library.Components.ROS2/rover-mini-driver/docker/src) by extension 'colcon_pkg'
[0.611s] Level 1:colcon.colcon_core.package_identification:_identify(/home/yakir/nimbus_library_ws/NEW_ROS2/Nimbus.Library.Components.ROS2/rover-mini-driver/docker/src) by extensions ['colcon_meta']
[0.611s] Level 1:colcon.colcon_core.package_identification:_identify(/home/yakir/nimbus_library_ws/NEW_ROS2/Nimbus.Library.Components.ROS2/rover-mini-driver/docker/src) by extension 'colcon_meta'
[0.611s] Level 1:colcon.colcon_core.package_identification:_identify(/home/yakir/nimbus_library_ws/NEW_ROS2/Nimbus.Library.Components.ROS2/rover-mini-driver/docker/src) by extensions ['ros']
[0.611s] Level 1:colcon.colcon_core.package_identification:_identify(/home/yakir/nimbus_library_ws/NEW_ROS2/Nimbus.Library.Components.ROS2/rover-mini-driver/docker/src) by extension 'ros'
[0.611s] Level 1:colcon.colcon_core.package_identification:_identify(/home/yakir/nimbus_library_ws/NEW_ROS2/Nimbus.Library.Components.ROS2/rover-mini-driver/docker/src) by extensions ['cmake', 'python']
[0.611s] Level 1:colcon.colcon_core.package_identification:_identify(/home/yakir/nimbus_library_ws/NEW_ROS2/Nimbus.Library.Components.ROS2/rover-mini-driver/docker/src) by extension 'cmake'
[0.611s] Level 1:colcon.colcon_core.package_identification:_identify(/home/yakir/nimbus_library_ws/NEW_ROS2/Nimbus.Library.Components.ROS2/rover-mini-driver/docker/src) by extension 'python'
[0.611s] Level 1:colcon.colcon_core.package_identification:_identify(/home/yakir/nimbus_library_ws/NEW_ROS2/Nimbus.Library.Components.ROS2/rover-mini-driver/docker/src) by extensions ['python_setup_py']
[0.611s] Level 1:colcon.colcon_core.package_identification:_identify(/home/yakir/nimbus_library_ws/NEW_ROS2/Nimbus.Library.Components.ROS2/rover-mini-driver/docker/src) by extension 'python_setup_py'
[0.611s] Level 1:colcon.colcon_core.package_identification:_identify(/home/yakir/nimbus_library_ws/NEW_ROS2/Nimbus.Library.Components.ROS2/rover-mini-driver/docker/src/roverrobotics_ros2) by extensions ['ignore', 'ignore_ament_install']
[0.611s] Level 1:colcon.colcon_core.package_identification:_identify(/home/yakir/nimbus_library_ws/NEW_ROS2/Nimbus.Library.Components.ROS2/rover-mini-driver/docker/src/roverrobotics_ros2) by extension 'ignore'
[0.611s] Level 1:colcon.colcon_core.package_identification:_identify(/home/yakir/nimbus_library_ws/NEW_ROS2/Nimbus.Library.Components.ROS2/rover-mini-driver/docker/src/roverrobotics_ros2) by extension 'ignore_ament_install'
[0.612s] Level 1:colcon.colcon_core.package_identification:_identify(/home/yakir/nimbus_library_ws/NEW_ROS2/Nimbus.Library.Components.ROS2/rover-mini-driver/docker/src/roverrobotics_ros2) by extensions ['colcon_pkg']
[0.612s] Level 1:colcon.colcon_core.package_identification:_identify(/home/yakir/nimbus_library_ws/NEW_ROS2/Nimbus.Library.Components.ROS2/rover-mini-driver/docker/src/roverrobotics_ros2) by extension 'colcon_pkg'
[0.612s] Level 1:colcon.colcon_core.package_identification:_identify(/home/yakir/nimbus_library_ws/NEW_ROS2/Nimbus.Library.Components.ROS2/rover-mini-driver/docker/src/roverrobotics_ros2) by extensions ['colcon_meta']
[0.612s] Level 1:colcon.colcon_core.package_identification:_identify(/home/yakir/nimbus_library_ws/NEW_ROS2/Nimbus.Library.Components.ROS2/rover-mini-driver/docker/src/roverrobotics_ros2) by extension 'colcon_meta'
[0.612s] Level 1:colcon.colcon_core.package_identification:_identify(/home/yakir/nimbus_library_ws/NEW_ROS2/Nimbus.Library.Components.ROS2/rover-mini-driver/docker/src/roverrobotics_ros2) by extensions ['ros']
[0.612s] Level 1:colcon.colcon_core.package_identification:_identify(/home/yakir/nimbus_library_ws/NEW_ROS2/Nimbus.Library.Components.ROS2/rover-mini-driver/docker/src/roverrobotics_ros2) by extension 'ros'
[0.612s] Level 1:colcon.colcon_core.package_identification:_identify(/home/yakir/nimbus_library_ws/NEW_ROS2/Nimbus.Library.Components.ROS2/rover-mini-driver/docker/src/roverrobotics_ros2) by extensions ['cmake', 'python']
[0.612s] Level 1:colcon.colcon_core.package_identification:_identify(/home/yakir/nimbus_library_ws/NEW_ROS2/Nimbus.Library.Components.ROS2/rover-mini-driver/docker/src/roverrobotics_ros2) by extension 'cmake'
[0.612s] Level 1:colcon.colcon_core.package_identification:_identify(/home/yakir/nimbus_library_ws/NEW_ROS2/Nimbus.Library.Components.ROS2/rover-mini-driver/docker/src/roverrobotics_ros2) by extension 'python'
[0.612s] Level 1:colcon.colcon_core.package_identification:_identify(/home/yakir/nimbus_library_ws/NEW_ROS2/Nimbus.Library.Components.ROS2/rover-mini-driver/docker/src/roverrobotics_ros2) by extensions ['python_setup_py']
[0.612s] Level 1:colcon.colcon_core.package_identification:_identify(/home/yakir/nimbus_library_ws/NEW_ROS2/Nimbus.Library.Components.ROS2/rover-mini-driver/docker/src/roverrobotics_ros2) by extension 'python_setup_py'
[0.612s] Level 1:colcon.colcon_core.package_identification:_identify(/home/yakir/nimbus_library_ws/NEW_ROS2/Nimbus.Library.Components.ROS2/rover-mini-driver/docker/src/roverrobotics_ros2/roverrobotics_driver) by extensions ['ignore', 'ignore_ament_install']
[0.612s] Level 1:colcon.colcon_core.package_identification:_identify(/home/yakir/nimbus_library_ws/NEW_ROS2/Nimbus.Library.Components.ROS2/rover-mini-driver/docker/src/roverrobotics_ros2/roverrobotics_driver) by extension 'ignore'
[0.612s] Level 1:colcon.colcon_core.package_identification:_identify(/home/yakir/nimbus_library_ws/NEW_ROS2/Nimbus.Library.Components.ROS2/rover-mini-driver/docker/src/roverrobotics_ros2/roverrobotics_driver) by extension 'ignore_ament_install'
[0.612s] Level 1:colcon.colcon_core.package_identification:_identify(/home/yakir/nimbus_library_ws/NEW_ROS2/Nimbus.Library.Components.ROS2/rover-mini-driver/docker/src/roverrobotics_ros2/roverrobotics_driver) by extensions ['colcon_pkg']
[0.612s] Level 1:colcon.colcon_core.package_identification:_identify(/home/yakir/nimbus_library_ws/NEW_ROS2/Nimbus.Library.Components.ROS2/rover-mini-driver/docker/src/roverrobotics_ros2/roverrobotics_driver) by extension 'colcon_pkg'
[0.612s] Level 1:colcon.colcon_core.package_identification:_identify(/home/yakir/nimbus_library_ws/NEW_ROS2/Nimbus.Library.Components.ROS2/rover-mini-driver/docker/src/roverrobotics_ros2/roverrobotics_driver) by extensions ['colcon_meta']
[0.612s] Level 1:colcon.colcon_core.package_identification:_identify(/home/yakir/nimbus_library_ws/NEW_ROS2/Nimbus.Library.Components.ROS2/rover-mini-driver/docker/src/roverrobotics_ros2/roverrobotics_driver) by extension 'colcon_meta'
[0.612s] Level 1:colcon.colcon_core.package_identification:_identify(/home/yakir/nimbus_library_ws/NEW_ROS2/Nimbus.Library.Components.ROS2/rover-mini-driver/docker/src/roverrobotics_ros2/roverrobotics_driver) by extensions ['ros']
[0.612s] Level 1:colcon.colcon_core.package_identification:_identify(/home/yakir/nimbus_library_ws/NEW_ROS2/Nimbus.Library.Components.ROS2/rover-mini-driver/docker/src/roverrobotics_ros2/roverrobotics_driver) by extension 'ros'
[0.615s] DEBUG:colcon.colcon_core.package_identification:Package '/home/yakir/nimbus_library_ws/NEW_ROS2/Nimbus.Library.Components.ROS2/rover-mini-driver/docker/src/roverrobotics_ros2/roverrobotics_driver' with type 'ros.ament_cmake' and name 'roverrobotics_driver'
[0.615s] Level 1:colcon.colcon_core.package_identification:_identify(/home/yakir/nimbus_library_ws/NEW_ROS2/Nimbus.Library.Components.ROS2/rover-mini-driver/docker/src/roverrobotics_ros2/roverrobotics_input_manager) by extensions ['ignore', 'ignore_ament_install']
[0.615s] Level 1:colcon.colcon_core.package_identification:_identify(/home/yakir/nimbus_library_ws/NEW_ROS2/Nimbus.Library.Components.ROS2/rover-mini-driver/docker/src/roverrobotics_ros2/roverrobotics_input_manager) by extension 'ignore'
[0.615s] Level 1:colcon.colcon_core.package_identification:_identify(/home/yakir/nimbus_library_ws/NEW_ROS2/Nimbus.Library.Components.ROS2/rover-mini-driver/docker/src/roverrobotics_ros2/roverrobotics_input_manager) by extension 'ignore_ament_install'
[0.616s] Level 1:colcon.colcon_core.package_identification:_identify(/home/yakir/nimbus_library_ws/NEW_ROS2/Nimbus.Library.Components.ROS2/rover-mini-driver/docker/src/roverrobotics_ros2/roverrobotics_input_manager) by extensions ['colcon_pkg']
[0.616s] Level 1:colcon.colcon_core.package_identification:_identify(/home/yakir/nimbus_library_ws/NEW_ROS2/Nimbus.Library.Components.ROS2/rover-mini-driver/docker/src/roverrobotics_ros2/roverrobotics_input_manager) by extension 'colcon_pkg'
[0.616s] Level 1:colcon.colcon_core.package_identification:_identify(/home/yakir/nimbus_library_ws/NEW_ROS2/Nimbus.Library.Components.ROS2/rover-mini-driver/docker/src/roverrobotics_ros2/roverrobotics_input_manager) by extensions ['colcon_meta']
[0.616s] Level 1:colcon.colcon_core.package_identification:_identify(/home/yakir/nimbus_library_ws/NEW_ROS2/Nimbus.Library.Components.ROS2/rover-mini-driver/docker/src/roverrobotics_ros2/roverrobotics_input_manager) by extension 'colcon_meta'
[0.616s] Level 1:colcon.colcon_core.package_identification:_identify(/home/yakir/nimbus_library_ws/NEW_ROS2/Nimbus.Library.Components.ROS2/rover-mini-driver/docker/src/roverrobotics_ros2/roverrobotics_input_manager) by extensions ['ros']
[0.616s] Level 1:colcon.colcon_core.package_identification:_identify(/home/yakir/nimbus_library_ws/NEW_ROS2/Nimbus.Library.Components.ROS2/rover-mini-driver/docker/src/roverrobotics_ros2/roverrobotics_input_manager) by extension 'ros'
[0.616s] DEBUG:colcon.colcon_core.package_identification:Package '/home/yakir/nimbus_library_ws/NEW_ROS2/Nimbus.Library.Components.ROS2/rover-mini-driver/docker/src/roverrobotics_ros2/roverrobotics_input_manager' with type 'ros.ament_cmake' and name 'roverrobotics_input_manager'
[0.616s] Level 1:colcon.colcon_core.package_discovery:discover_packages(recursive) using defaults
